#
# There is insufficient memory for the Java Runtime Environment to continue.
# Native memory allocation (malloc) failed to allocate 32744 bytes for ChunkPool::allocate
# Possible reasons:
#   The system is out of physical RAM or swap space
#   The process is running with CompressedOops enabled, and the Java Heap may be blocking the growth of the native heap
# Possible solutions:
#   Reduce memory load on the system
#   Increase physical memory or swap space
#   Check if swap backing store is full
#   Decrease Java heap size (-Xmx/-Xms)
#   Decrease number of Java threads
#   Decrease Java thread stack sizes (-Xss)
#   Set larger code cache with -XX:ReservedCodeCacheSize=
#   JVM is running with Unscaled Compressed Oops mode in which the Java heap is
#     placed in the first 4GB address space. The Java Heap base address is the
#     maximum limit for the native heap growth. Please use -XX:HeapBaseMinAddress
#     to set the Java Heap base and to place the Java Heap above 4GB virtual address.
# This output file may be truncated or incomplete.
#
#  Out of Memory Error (allocation.cpp:272), pid=12108, tid=0x0000000000003134
#
# JRE version: Java(TM) SE Runtime Environment (8.0_281-b09) (build 1.8.0_281-b09)
# Java VM: Java HotSpot(TM) 64-Bit Server VM (25.281-b09 mixed mode windows-amd64 compressed oops)
# Failed to write core dump. Minidumps are not enabled by default on client versions of Windows
#

---------------  T H R E A D  ---------------

Current thread (0x0000018ebd3b0000):  JavaThread "C2 CompilerThread0" daemon [_thread_in_vm, id=12596, stack(0x00000027ce600000,0x00000027ce700000)]

Stack: [0x00000027ce600000,0x00000027ce700000]
Native frames: (J=compiled Java code, j=interpreted, Vv=VM code, C=native code)
V  [jvm.dll+0x32e5b9]


---------------  P R O C E S S  ---------------

Java Threads: ( => current thread )
=>0x0000018ebd3b0000 JavaThread "C2 CompilerThread0" daemon [_thread_in_vm, id=12596, stack(0x00000027ce600000,0x00000027ce700000)]
  0x0000018ebbd08800 JavaThread "JDWP Command Reader" daemon [_thread_in_native, id=15764, stack(0x00000027ce500000,0x00000027ce600000)]
  0x0000018ebbd07800 JavaThread "JDWP Event Helper Thread" daemon [_thread_blocked, id=13832, stack(0x00000027ce400000,0x00000027ce500000)]
  0x0000018ebbd04000 JavaThread "JDWP Transport Listener: dt_socket" daemon [_thread_blocked, id=13628, stack(0x00000027ce300000,0x00000027ce400000)]
  0x0000018ebbc8e800 JavaThread "Attach Listener" daemon [_thread_blocked, id=10472, stack(0x00000027ce200000,0x00000027ce300000)]
  0x0000018ebbc8d000 JavaThread "Signal Dispatcher" daemon [_thread_blocked, id=13820, stack(0x00000027ce100000,0x00000027ce200000)]
  0x0000018ebbc60000 JavaThread "Finalizer" daemon [_thread_blocked, id=15720, stack(0x00000027ce000000,0x00000027ce100000)]
  0x0000018ebb05c800 JavaThread "Reference Handler" daemon [_thread_blocked, id=14548, stack(0x00000027cdf00000,0x00000027ce000000)]
  0x0000018ea5015800 JavaThread "main" [_thread_in_vm, id=2224, stack(0x00000027cd500000,0x00000027cd600000)]

Other Threads:
  0x0000018ebbc32000 VMThread [stack: 0x00000027cde00000,0x00000027cdf00000] [id=14824]

VM state:not at safepoint (normal execution)

VM Mutex/Monitor currently owned by a thread:  ([mutex/lock_event])
[0x0000018ea50148d0] Threads_lock - owner thread: 0x0000018ea5015800

heap address: 0x0000000082600000, size: 2010 MB, Compressed Oops mode: 32-bit
Narrow klass base: 0x0000000000000000, Narrow klass shift: 3
Compressed class space size: 1073741824 Address: 0x0000000100000000

Heap:
 PSYoungGen      total 37888K, used 5251K [0x00000000d6200000, 0x00000000d8c00000, 0x0000000100000000)
  eden space 32768K, 16% used [0x00000000d6200000,0x00000000d6720e10,0x00000000d8200000)
  from space 5120K, 0% used [0x00000000d8700000,0x00000000d8700000,0x00000000d8c00000)
  to   space 5120K, 0% used [0x00000000d8200000,0x00000000d8200000,0x00000000d8700000)
 ParOldGen       total 86016K, used 0K [0x0000000082600000, 0x0000000087a00000, 0x00000000d6200000)
  object space 86016K, 0% used [0x0000000082600000,0x0000000082600000,0x0000000087a00000)
 Metaspace       used 4399K, capacity 4664K, committed 4864K, reserved 1056768K
  class space    used 484K, capacity 492K, committed 512K, reserved 1048576K

Card table byte_map: [0x0000018eb5de0000,0x0000018eb61d0000] byte_map_base: 0x0000018eb59cd000

Marking Bits: (ParMarkBitMap*) 0x0000000053046ff0
 Begin Bits: [0x0000018eb6470000, 0x0000018eb83d8000)
 End Bits:   [0x0000018eb83d8000, 0x0000018eba340000)

Polling page: 0x0000018ea69f0000

CodeCache: size=245760Kb used=466Kb max_used=468Kb free=245293Kb
 bounds [0x0000018ea6a20000, 0x0000018ea6c90000, 0x0000018eb5a20000]
 total_blobs=212 nmethods=0 adapters=185
 compilation: enabled

Compilation events (0 events):
No events

GC Heap History (0 events):
No events

Deoptimization events (0 events):
No events

Classes redefined (0 events):
No events

Internal exceptions (2 events):
Event: 1.611 Thread 0x0000018ea5015800 Exception <a 'java/lang/NoSuchMethodError': Method sun.misc.Unsafe.defineClass(Ljava/lang/String;[BII)Ljava/lang/Class; name or signature does not match> (0x00000000d6207cc0) thrown at [C:\jenkins\workspace\8-2-build-windows-amd64-cygwin\jdk8u281\880\hots
Event: 1.611 Thread 0x0000018ea5015800 Exception <a 'java/lang/NoSuchMethodError': Method sun.misc.Unsafe.prefetchRead(Ljava/lang/Object;J)V name or signature does not match> (0x00000000d6207fa8) thrown at [C:\jenkins\workspace\8-2-build-windows-amd64-cygwin\jdk8u281\880\hotspot\src\share\vm\p

Events (10 events):
Event: 4.294 loading class sun/net/www/protocol/jar/JarFileFactory done
Event: 4.294 loading class sun/net/www/protocol/jar/URLJarFile
Event: 4.295 loading class sun/net/www/protocol/jar/URLJarFile done
Event: 4.296 loading class sun/net/www/protocol/jar/URLJarFile$URLJarFileEntry
Event: 4.296 loading class sun/net/www/protocol/jar/URLJarFile$URLJarFileEntry done
Event: 4.296 loading class sun/net/www/protocol/jar/JarURLConnection$JarURLInputStream
Event: 4.296 loading class sun/net/www/protocol/jar/JarURLConnection$JarURLInputStream done
Event: 4.297 loading class org/eclipse/jdt/launching/internal/javaagent/Premain$1
Event: 4.297 loading class org/eclipse/jdt/launching/internal/javaagent/Premain$1 done
Event: 4.387 Thread 0x0000018ebd3b0000 Thread added: 0x0000018ebd3b0000


Dynamic libraries:
0x00007ff6c4cc0000 - 0x00007ff6c4d07000 	C:\Program Files\Java\jre1.8.0_281\bin\javaw.exe
0x00007ff90e770000 - 0x00007ff90e965000 	C:\Windows\SYSTEM32\ntdll.dll
0x00007ff90e5e0000 - 0x00007ff90e69d000 	C:\Windows\System32\KERNEL32.DLL
0x00007ff90c160000 - 0x00007ff90c429000 	C:\Windows\System32\KERNELBASE.dll
0x00007ff90e400000 - 0x00007ff90e4ac000 	C:\Windows\System32\ADVAPI32.dll
0x00007ff90cf60000 - 0x00007ff90cffe000 	C:\Windows\System32\msvcrt.dll
0x00007ff90d750000 - 0x00007ff90d7eb000 	C:\Windows\System32\sechost.dll
0x00007ff90e4b0000 - 0x00007ff90e5da000 	C:\Windows\System32\RPCRT4.dll
0x00007ff90cdc0000 - 0x00007ff90cf60000 	C:\Windows\System32\USER32.dll
0x00007ff90c5f0000 - 0x00007ff90c612000 	C:\Windows\System32\win32u.dll
0x00007ff90e030000 - 0x00007ff90e05a000 	C:\Windows\System32\GDI32.dll
0x00007ff90c050000 - 0x00007ff90c15b000 	C:\Windows\System32\gdi32full.dll
0x00007ff90c730000 - 0x00007ff90c7cd000 	C:\Windows\System32\msvcp_win.dll
0x00007ff90bf50000 - 0x00007ff90c050000 	C:\Windows\System32\ucrtbase.dll
0x00007ff8e9350000 - 0x00007ff8e95ea000 	C:\Windows\WinSxS\amd64_microsoft.windows.common-controls_6595b64144ccf1df_6.0.19041.1110_none_60b5254171f9507e\COMCTL32.dll
0x00007ff90d970000 - 0x00007ff90d9a0000 	C:\Windows\System32\IMM32.DLL
0x00007ff904c40000 - 0x00007ff904c55000 	C:\Program Files\Java\jre1.8.0_281\bin\vcruntime140.dll
0x00007ff904920000 - 0x00007ff9049bb000 	C:\Program Files\Java\jre1.8.0_281\bin\msvcp140.dll
0x0000000052860000 - 0x00000000530bf000 	C:\Program Files\Java\jre1.8.0_281\bin\server\jvm.dll
0x00007ff90d000000 - 0x00007ff90d008000 	C:\Windows\System32\PSAPI.DLL
0x00007ff8f18a0000 - 0x00007ff8f18c7000 	C:\Windows\SYSTEM32\WINMM.dll
0x00007ff9058a0000 - 0x00007ff9058aa000 	C:\Windows\SYSTEM32\VERSION.dll
0x00007ff908d60000 - 0x00007ff908d69000 	C:\Windows\SYSTEM32\WSOCK32.dll
0x00007ff90d850000 - 0x00007ff90d8bb000 	C:\Windows\System32\WS2_32.dll
0x00007ff909cd0000 - 0x00007ff909ce2000 	C:\Windows\SYSTEM32\kernel.appcore.dll
0x00007ff908d10000 - 0x00007ff908d20000 	C:\Program Files\Java\jre1.8.0_281\bin\verify.dll
0x00007ff908ce0000 - 0x00007ff908d0b000 	C:\Program Files\Java\jre1.8.0_281\bin\java.dll
0x00007ff8fb050000 - 0x00007ff8fb086000 	C:\Program Files\Java\jre1.8.0_281\bin\jdwp.dll
0x00007ff908d70000 - 0x00007ff908d79000 	C:\Program Files\Java\jre1.8.0_281\bin\npt.dll
0x00007ff9048f0000 - 0x00007ff904920000 	C:\Program Files\Java\jre1.8.0_281\bin\instrument.dll
0x00007ff906a00000 - 0x00007ff906a18000 	C:\Program Files\Java\jre1.8.0_281\bin\zip.dll
0x00007ff90d010000 - 0x00007ff90d74f000 	C:\Windows\System32\SHELL32.dll
0x00007ff909fb0000 - 0x00007ff90a740000 	C:\Windows\SYSTEM32\windows.storage.dll
0x00007ff90c8e0000 - 0x00007ff90cc35000 	C:\Windows\System32\combase.dll
0x00007ff90b900000 - 0x00007ff90b92c000 	C:\Windows\SYSTEM32\Wldp.dll
0x00007ff90d8c0000 - 0x00007ff90d96e000 	C:\Windows\System32\SHCORE.dll
0x00007ff90e2b0000 - 0x00007ff90e305000 	C:\Windows\System32\shlwapi.dll
0x00007ff90bde0000 - 0x00007ff90bdff000 	C:\Windows\SYSTEM32\profapi.dll
0x00007ff908cd0000 - 0x00007ff908cda000 	C:\Program Files\Java\jre1.8.0_281\bin\dt_socket.dll
0x00007ff905760000 - 0x00007ff905777000 	C:\Windows\system32\napinsp.dll
0x00007ff904890000 - 0x00007ff9048ab000 	C:\Windows\system32\pnrpnsp.dll
0x00007ff906d90000 - 0x00007ff906da5000 	C:\Windows\system32\wshbth.dll
0x00007ff908a40000 - 0x00007ff908a5d000 	C:\Windows\system32\NLAapi.dll
0x00007ff90b300000 - 0x00007ff90b33b000 	C:\Windows\SYSTEM32\IPHLPAPI.DLL
0x00007ff90b660000 - 0x00007ff90b6ca000 	C:\Windows\System32\mswsock.dll
0x00007ff90b340000 - 0x00007ff90b40c000 	C:\Windows\SYSTEM32\DNSAPI.dll
0x00007ff90e3f0000 - 0x00007ff90e3f8000 	C:\Windows\System32\NSI.dll
0x00007ff904870000 - 0x00007ff904882000 	C:\Windows\System32\winrnr.dll
0x00007ff8ffcd0000 - 0x00007ff8ffd4f000 	C:\Windows\System32\fwpuclnt.dll
0x00007ff90c700000 - 0x00007ff90c727000 	C:\Windows\System32\bcrypt.dll
0x00007ff8fce00000 - 0x00007ff8fce0a000 	C:\Windows\System32\rasadhlp.dll

VM Arguments:
jvm_args: -agentlib:jdwp=transport=dt_socket,suspend=y,address=localhost:57970 -javaagent:C:\Java Emp Class Lecture 2021-08-02\Devtools\Java Emp Class A\eclipse\configuration\org.eclipse.osgi\411\0\.cp\lib\javaagent-shaded.jar -Dfile.encoding=UTF-8 
java_command: chap09.ObjectCalss_01.MemberExample_03
java_class_path (initial): C:\Java Emp Class Lecture 2021-08-02\Devtools\Java Emp Class A\Java Workspace Lecture\BrainProject\bin;C:\Java Emp Class Lecture 2021-08-02\Devtools\Java Emp Class A\eclipse\configuration\org.eclipse.osgi\411\0\.cp\lib\javaagent-shaded.jar
Launcher Type: SUN_STANDARD

Environment Variables:
JAVA_HOME=C:\Program Files\Java\jdk1.8.0_281
PATH=C:/Program Files/Java/jre1.8.0_281/bin/server;C:/Program Files/Java/jre1.8.0_281/bin;C:/Program Files/Java/jre1.8.0_281/lib/amd64;C:\Program Files (x86)\Common Files\Oracle\Java\javapath;C:\Windows\system32;C:\Windows;C:\Windows\System32\Wbem;C:\Windows\System32\WindowsPowerShell\v1.0\;C:\Windows\System32\OpenSSH\;C:\Program Files\Java\jdk1.8.0_281\bin;C:\Program Files\Git\cmd;C:\Users\MacBook\AppData\Local\Microsoft\WindowsApps;;C:\Java Emp Class Lecture 2021-08-02\Devtools\Java Emp Class A\eclipse;
USERNAME=MacBook
OS=Windows_NT
PROCESSOR_IDENTIFIER=Intel64 Family 6 Model 142 Stepping 10, GenuineIntel



---------------  S Y S T E M  ---------------

OS: Windows 10.0 , 64 bit Build 19041 (10.0.19041.1151)

CPU:total 8 (initial active 8) (4 cores per cpu, 2 threads per core) family 6 model 142 stepping 10, cmov, cx8, fxsr, mmx, sse, sse2, sse3, ssse3, sse4.1, sse4.2, popcnt, avx, avx2, aes, clmul, erms, 3dnowpref, lzcnt, ht, tsc, tscinvbit, bmi1, bmi2, adx

Memory: 4k page, physical 8231084k(2682988k free), swap 18080296k(1004k free)

vm_info: Java HotSpot(TM) 64-Bit Server VM (25.281-b09) for windows-amd64 JRE (1.8.0_281-b09), built on Dec  9 2020 13:54:07 by "" with MS VC++ 15.9 (VS2017)

time: Tue Sep  7 18:14:18 2021
timezone: 대한민국 표준시
elapsed time: 4.408167 seconds (0d 0h 0m 4s)

