#
# There is insufficient memory for the Java Runtime Environment to continue.
# Native memory allocation (mmap) failed to map 4096 bytes for card table last card
# Possible reasons:
#   The system is out of physical RAM or swap space
#   The process is running with CompressedOops enabled, and the Java Heap may be blocking the growth of the native heap
# Possible solutions:
#   Reduce memory load on the system
#   Increase physical memory or swap space
#   Check if swap backing store is full
#   Decrease Java heap size (-Xmx/-Xms)
#   Decrease number of Java threads
#   Decrease Java thread stack sizes (-Xss)
#   Set larger code cache with -XX:ReservedCodeCacheSize=
# This output file may be truncated or incomplete.
#
#  Out of Memory Error (os_windows.cpp:3377), pid=5524, tid=0x0000000000003430
#
# JRE version:  (8.0_281-b09) (build )
# Java VM: Java HotSpot(TM) 64-Bit Server VM (25.281-b09 mixed mode windows-amd64 compressed oops)
# Failed to write core dump. Minidumps are not enabled by default on client versions of Windows
#

---------------  T H R E A D  ---------------

Current thread (0x00000206f1745000):  JavaThread "Unknown thread" [_thread_in_vm, id=13360, stack(0x000000c3daf00000,0x000000c3db000000)]

Stack: [0x000000c3daf00000,0x000000c3db000000]
Native frames: (J=compiled Java code, j=interpreted, Vv=VM code, C=native code)
V  [jvm.dll+0x32e5b9]


---------------  P R O C E S S  ---------------

Java Threads: ( => current thread )

Other Threads:

=>0x00000206f1745000 (exited) JavaThread "Unknown thread" [_thread_in_vm, id=13360, stack(0x000000c3daf00000,0x000000c3db000000)]

VM state:not at safepoint (not fully initialized)

VM Mutex/Monitor currently owned by a thread: None

heap address: 0x0000000082600000, size: 2010 MB, Compressed Oops mode: Non-zero based:0x00000000825ff000
Narrow klass base: 0x0000000000000000, Narrow klass shift: 0

GC Heap History (0 events):
No events

Deoptimization events (0 events):
No events

Classes redefined (0 events):
No events

Internal exceptions (0 events):
No events

Events (0 events):
No events


Dynamic libraries:
0x00007ff6c4cc0000 - 0x00007ff6c4d07000 	C:\Program Files\Java\jre1.8.0_281\bin\javaw.exe
0x00007ff90e770000 - 0x00007ff90e965000 	C:\Windows\SYSTEM32\ntdll.dll
0x00007ff90e5e0000 - 0x00007ff90e69d000 	C:\Windows\System32\KERNEL32.DLL
0x00007ff90c160000 - 0x00007ff90c429000 	C:\Windows\System32\KERNELBASE.dll
0x00007ff90e400000 - 0x00007ff90e4ac000 	C:\Windows\System32\ADVAPI32.dll
0x00007ff90cf60000 - 0x00007ff90cffe000 	C:\Windows\System32\msvcrt.dll
0x00007ff90d750000 - 0x00007ff90d7eb000 	C:\Windows\System32\sechost.dll
0x00007ff90e4b0000 - 0x00007ff90e5da000 	C:\Windows\System32\RPCRT4.dll
0x00007ff90cdc0000 - 0x00007ff90cf60000 	C:\Windows\System32\USER32.dll
0x00007ff90c5f0000 - 0x00007ff90c612000 	C:\Windows\System32\win32u.dll
0x00007ff90e030000 - 0x00007ff90e05a000 	C:\Windows\System32\GDI32.dll
0x00007ff90c050000 - 0x00007ff90c15b000 	C:\Windows\System32\gdi32full.dll
0x00007ff90c730000 - 0x00007ff90c7cd000 	C:\Windows\System32\msvcp_win.dll
0x00007ff90bf50000 - 0x00007ff90c050000 	C:\Windows\System32\ucrtbase.dll
0x00007ff8e9350000 - 0x00007ff8e95ea000 	C:\Windows\WinSxS\amd64_microsoft.windows.common-controls_6595b64144ccf1df_6.0.19041.1110_none_60b5254171f9507e\COMCTL32.dll
0x00007ff90d970000 - 0x00007ff90d9a0000 	C:\Windows\System32\IMM32.DLL
0x00007ff904660000 - 0x00007ff904675000 	C:\Program Files\Java\jre1.8.0_281\bin\vcruntime140.dll
0x00007ff8e6560000 - 0x00007ff8e65fb000 	C:\Program Files\Java\jre1.8.0_281\bin\msvcp140.dll
0x0000000052860000 - 0x00000000530bf000 	C:\Program Files\Java\jre1.8.0_281\bin\server\jvm.dll
0x00007ff90d000000 - 0x00007ff90d008000 	C:\Windows\System32\PSAPI.DLL
0x00007ff908d60000 - 0x00007ff908d69000 	C:\Windows\SYSTEM32\WSOCK32.dll
0x00007ff90d850000 - 0x00007ff90d8bb000 	C:\Windows\System32\WS2_32.dll
0x00007ff8f18a0000 - 0x00007ff8f18c7000 	C:\Windows\SYSTEM32\WINMM.dll
0x00007ff9058a0000 - 0x00007ff9058aa000 	C:\Windows\SYSTEM32\VERSION.dll
0x00007ff909cd0000 - 0x00007ff909ce2000 	C:\Windows\SYSTEM32\kernel.appcore.dll
0x00007ff908d10000 - 0x00007ff908d20000 	C:\Program Files\Java\jre1.8.0_281\bin\verify.dll
0x00007ff908ce0000 - 0x00007ff908d0b000 	C:\Program Files\Java\jre1.8.0_281\bin\java.dll
0x00007ff8f5460000 - 0x00007ff8f5496000 	C:\Program Files\Java\jre1.8.0_281\bin\jdwp.dll
0x00007ff908cd0000 - 0x00007ff908cd9000 	C:\Program Files\Java\jre1.8.0_281\bin\npt.dll
0x00007ff8f4fc0000 - 0x00007ff8f4ff0000 	C:\Program Files\Java\jre1.8.0_281\bin\instrument.dll
0x00007ff906a00000 - 0x00007ff906a18000 	C:\Program Files\Java\jre1.8.0_281\bin\zip.dll

VM Arguments:
jvm_args: -agentlib:jdwp=transport=dt_socket,suspend=y,address=localhost:57052 -javaagent:C:\Java Emp Class Lecture 2021-08-02\Devtools\Java Emp Class A\eclipse\configuration\org.eclipse.osgi\411\0\.cp\lib\javaagent-shaded.jar -Dfile.encoding=UTF-8 
java_command: chap09.ObjectCalss_01.MemberExample_03
java_class_path (initial): C:\Java Emp Class Lecture 2021-08-02\Devtools\Java Emp Class A\Java Workspace Lecture\BrainProject\bin;C:\Java Emp Class Lecture 2021-08-02\Devtools\Java Emp Class A\eclipse\configuration\org.eclipse.osgi\411\0\.cp\lib\javaagent-shaded.jar
Launcher Type: SUN_STANDARD

Environment Variables:
JAVA_HOME=C:\Program Files\Java\jdk1.8.0_281
PATH=C:/Program Files/Java/jre1.8.0_281/bin/server;C:/Program Files/Java/jre1.8.0_281/bin;C:/Program Files/Java/jre1.8.0_281/lib/amd64;C:\Program Files (x86)\Common Files\Oracle\Java\javapath;C:\Windows\system32;C:\Windows;C:\Windows\System32\Wbem;C:\Windows\System32\WindowsPowerShell\v1.0\;C:\Windows\System32\OpenSSH\;C:\Program Files\Java\jdk1.8.0_281\bin;C:\Program Files\Git\cmd;C:\Users\MacBook\AppData\Local\Microsoft\WindowsApps;;C:\Java Emp Class Lecture 2021-08-02\Devtools\Java Emp Class A\eclipse;
USERNAME=MacBook
OS=Windows_NT
PROCESSOR_IDENTIFIER=Intel64 Family 6 Model 142 Stepping 10, GenuineIntel



---------------  S Y S T E M  ---------------

OS: Windows 10.0 , 64 bit Build 19041 (10.0.19041.1151)

CPU:total 8 (initial active 8) (4 cores per cpu, 2 threads per core) family 6 model 142 stepping 10, cmov, cx8, fxsr, mmx, sse, sse2, sse3, ssse3, sse4.1, sse4.2, popcnt, avx, avx2, aes, clmul, erms, 3dnowpref, lzcnt, ht, tsc, tscinvbit, bmi1, bmi2, adx

Memory: 4k page, physical 8231084k(3045576k free), swap 18080296k(1668k free)

vm_info: Java HotSpot(TM) 64-Bit Server VM (25.281-b09) for windows-amd64 JRE (1.8.0_281-b09), built on Dec  9 2020 13:54:07 by "" with MS VC++ 15.9 (VS2017)

time: Tue Sep  7 18:12:52 2021
timezone: 대한민국 표준시
elapsed time: 1.166160 seconds (0d 0h 0m 1s)

